<?xml version="1.0" encoding="UTF-8"?>
<!-- Generated by org.testng.reporters.JUnitReportReporter -->
<testsuite hostname="Dell" failures="0" tests="8" name="runners.TestRunner" time="94.753" errors="0" timestamp="2025-09-08T09:13:06 IST" skipped="0">
  <testcase classname="runners.TestRunner" name="runScenario" time="23.130"/>
  <testcase classname="runners.TestRunner" name="runScenario" time="6.112"/>
  <testcase classname="runners.TestRunner" name="runScenario" time="12.791"/>
  <testcase classname="runners.TestRunner" name="runScenario" time="15.644"/>
  <testcase classname="runners.TestRunner" name="runScenario" time="6.744"/>
  <testcase classname="runners.TestRunner" name="runScenario" time="13.535"/>
  <testcase classname="runners.TestRunner" name="runScenario" time="12.432"/>
  <testcase classname="runners.TestRunner" name="runScenario" time="4.365"/>
</testsuite> <!-- runners.TestRunner -->
